<?xml version="1.0" encoding="UTF-8"?>
<testng-results skipped="0" failed="0" ignored="0" total="2" passed="2">
  <reporter-output>
  </reporter-output>
  <suite name="Default suite" duration-ms="3197" started-at="2018-06-20T11:45:31Z" finished-at="2018-06-20T11:45:34Z">
    <groups>
    </groups>
    <test name="Default test" duration-ms="3197" started-at="2018-06-20T11:45:31Z" finished-at="2018-06-20T11:45:34Z">
      <class name="com.qa.tests.GetApiTest">
        <test-method status="PASS" signature="setUp()[pri:0, instance:com.qa.tests.GetApiTest@724af044]" name="setUp" is-config="true" duration-ms="19" started-at="2018-06-20T11:45:31Z" finished-at="2018-06-20T11:45:31Z">
          <reporter-output>
          </reporter-output>
        </test-method> <!-- setUp -->
        <test-method status="PASS" signature="getAPITestWithoutHeaders()[pri:1, instance:com.qa.tests.GetApiTest@724af044]" name="getAPITestWithoutHeaders" duration-ms="2092" started-at="2018-06-20T11:45:31Z" finished-at="2018-06-20T11:45:33Z">
          <reporter-output>
          </reporter-output>
        </test-method> <!-- getAPITestWithoutHeaders -->
        <test-method status="PASS" signature="setUp()[pri:0, instance:com.qa.tests.GetApiTest@724af044]" name="setUp" is-config="true" duration-ms="1" started-at="2018-06-20T11:45:33Z" finished-at="2018-06-20T11:45:33Z">
          <reporter-output>
          </reporter-output>
        </test-method> <!-- setUp -->
        <test-method status="PASS" signature="getAPITestWithHeaders()[pri:2, instance:com.qa.tests.GetApiTest@724af044]" name="getAPITestWithHeaders" duration-ms="1008" started-at="2018-06-20T11:45:33Z" finished-at="2018-06-20T11:45:34Z">
          <reporter-output>
          </reporter-output>
        </test-method> <!-- getAPITestWithHeaders -->
      </class> <!-- com.qa.tests.GetApiTest -->
    </test> <!-- Default test -->
  </suite> <!-- Default suite -->
</testng-results>
